[04:13:12] [ServerMain/INFO]: [bootstrap] Running Java 21 (OpenJDK 64-Bit Server VM 21.0.8+9-Ubuntu-0ubuntu124.04.1; Ubuntu null) on Linux 6.8.0-1030-azure (amd64)
[04:13:12] [ServerMain/INFO]: [bootstrap] Loading Paper 1.21.8-6-main@782ce95 (2025-07-18T20:26:58Z) for Minecraft 1.21.8
[04:13:13] [ServerMain/INFO]: [PluginInitializerManager] Initializing plugins...
[04:13:14] [ServerMain/INFO]: [PluginInitializerManager] Initialized 1 plugin
[04:13:14] [ServerMain/INFO]: [PluginInitializerManager] Bukkit plugins (1):
 - SkinsRestorer (15.7.10)
[04:13:21] [ServerMain/INFO]: Environment: Environment[sessionHost=https://sessionserver.mojang.com, servicesHost=https://api.minecraftservices.com, name=PROD]
[04:13:24] [ServerMain/INFO]: Loaded 1407 recipes
[04:13:24] [ServerMain/INFO]: Loaded 1520 advancements
[04:13:24] [ServerMain/INFO]: [ca.spottedleaf.dataconverter.minecraft.datatypes.MCTypeRegistry] Initialising converters for DataConverter...
[04:13:24] [ServerMain/INFO]: [ca.spottedleaf.dataconverter.minecraft.datatypes.MCTypeRegistry] Finished initialising converters for DataConverter in 618.9ms
[04:13:24] [Server thread/INFO]: Starting minecraft server version 1.21.8
[04:13:24] [Server thread/INFO]: Loading properties
[04:13:25] [Server thread/INFO]: This server is running Paper version 1.21.8-6-main@782ce95 (2025-07-18T20:26:58Z) (Implementing API version 1.21.8-R0.1-SNAPSHOT)
[04:13:25] [Server thread/INFO]: [spark] This server bundles the spark profiler. For more information please visit https://docs.papermc.io/paper/profiling
[04:13:25] [Server thread/INFO]: Using 4 threads for Netty based IO
[04:13:25] [Server thread/INFO]: Server Ping Player Sample Count: 12
[04:13:26] [Server thread/INFO]: [MoonriseCommon] Paper is using 1 worker threads, 1 I/O threads
[04:13:26] [Server thread/INFO]: [ChunkTaskScheduler] Chunk system is using population gen parallelism: true
[04:13:27] [Server thread/INFO]: Default game type: SURVIVAL
[04:13:27] [Server thread/INFO]: Generating keypair
[04:13:27] [Server thread/INFO]: Starting Minecraft server on *:25565
[04:13:27] [Server thread/INFO]: Using epoll channel type
[04:13:27] [Server thread/INFO]: Paper: Using libdeflate (Linux x86_64) compression from Velocity.
[04:13:27] [Server thread/INFO]: Paper: Using OpenSSL 3.x.x (Linux x86_64) cipher from Velocity.
[04:13:28] [Server thread/INFO]: [SkinsRestorer] Loading server plugin SkinsRestorer v15.7.10
[04:13:28] [Server thread/INFO]: Server permissions file permissions.yml is empty, ignoring it
[04:13:28] [Server thread/INFO]: [SkinsRestorer] Enabling SkinsRestorer v15.7.10
[04:13:29] [Server thread/INFO]: [SkinsRestorer] Running on Minecraft 1.21.8.
[04:13:30] [Server thread/INFO]: [SkinsRestorer] Using paper join listener!
[04:13:30] [Server thread/WARN]: **** SERVER IS RUNNING IN OFFLINE/INSECURE MODE!
[04:13:30] [Server thread/WARN]: The server will make no attempt to authenticate usernames. Beware.
[04:13:30] [Server thread/WARN]: While this makes the game possible to play without internet access, it also opens up the ability for hackers to connect with any username they choose.
[04:13:30] [Server thread/WARN]: To change this, set "online-mode" to "true" in the server.properties file.
[04:13:30] [Server thread/INFO]: Preparing level "world"
[04:13:30] [Folia Async Scheduler Thread #1/INFO]: [SkinsRestorer] ----------------------------------------------
[04:13:30] [Folia Async Scheduler Thread #1/INFO]: [SkinsRestorer]     +==================+
[04:13:30] [Folia Async Scheduler Thread #1/INFO]: [SkinsRestorer]     |   SkinsRestorer  |
[04:13:30] [Folia Async Scheduler Thread #1/INFO]: [SkinsRestorer]     |------------------|
[04:13:30] [Folia Async Scheduler Thread #1/INFO]: [SkinsRestorer]     |  Standalone Mode |
[04:13:30] [Folia Async Scheduler Thread #1/INFO]: [SkinsRestorer]     +==================+
[04:13:30] [Folia Async Scheduler Thread #1/INFO]: [SkinsRestorer] ----------------------------------------------
[04:13:30] [Folia Async Scheduler Thread #1/INFO]: [SkinsRestorer]     Version: 15.7.10
[04:13:30] [Folia Async Scheduler Thread #1/INFO]: [SkinsRestorer]     Commit: 19ef760
[04:13:30] [Folia Async Scheduler Thread #1/INFO]: [SkinsRestorer]     This is the latest version!
[04:13:30] [Folia Async Scheduler Thread #1/INFO]: [SkinsRestorer] ----------------------------------------------
[04:13:30] [Folia Async Scheduler Thread #1/INFO]: [SkinsRestorer] Do you have issues? Read our troubleshooting guide: https://skinsrestorer.net/docs/troubleshooting
[04:13:30] [Folia Async Scheduler Thread #1/INFO]: [SkinsRestorer] Want to support SkinsRestorer? Consider donating: https://skinsrestorer.net/donate
[04:13:31] [Server thread/INFO]: Preparing start region for dimension minecraft:overworld
[04:13:31] [Server thread/INFO]: Preparing spawn area: 0%
[04:13:31] [Server thread/INFO]: Preparing spawn area: 2%
[04:13:32] [Server thread/INFO]: Preparing spawn area: 65%
[04:13:32] [Server thread/INFO]: Preparing spawn area: 67%
[04:13:32] [Server thread/INFO]: Time elapsed: 1695 ms
[04:13:32] [Server thread/INFO]: Preparing start region for dimension minecraft:the_nether
[04:13:32] [Server thread/INFO]: Preparing spawn area: 0%
[04:13:33] [Server thread/INFO]: Time elapsed: 477 ms
[04:13:33] [Server thread/INFO]: Preparing start region for dimension minecraft:the_end
[04:13:33] [Server thread/INFO]: Preparing spawn area: 0%
[04:13:33] [Server thread/INFO]: Time elapsed: 336 ms
[04:13:33] [Server thread/INFO]: [spark] Starting background profiler...
[04:13:34] [Server thread/INFO]: Done preparing level "world" (4.180s)
[04:13:34] [Server thread/INFO]: Running delayed init tasks
[04:13:34] [Server thread/INFO]: Done (22.894s)! For help, type "help"
[04:13:34] [Server thread/INFO]: abbe (/100.114.105.116:59054) lost connection: Disconnected
[04:13:35] [User Authenticator #0/INFO]: UUID of player abbe is 90da81a5-0a79-3386-afdb-4a5ef29983fa
[04:13:42] [User Authenticator #0/INFO]: UUID of player abbe is 90da81a5-0a79-3386-afdb-4a5ef29983fa
[04:13:42] [Server thread/INFO]: [HorriblePlayerLoginEventHack] You have plugins listening to the PlayerLoginEvent, this will cause re-configuration APIs to be unavailable: [SkinsRestorer]
[04:13:44] [Server thread/INFO]: abbe joined the game
[04:13:44] [Server thread/INFO]: abbe[/100.114.105.116:59058] logged in with entity id 12 at ([world]-2749.3981786895642, 73.0, 5654.465408116487)
[04:14:12] [User Authenticator #0/INFO]: UUID of player virterex is dbb4aec9-7380-33e7-8280-1990d3a7a054
[04:14:13] [Server thread/INFO]: virterex joined the game
[04:14:13] [Server thread/INFO]: virterex[/100.68.97.31:8604] logged in with entity id 372 at ([world]-2756.0012674442028, 74.0, 5654.204175133031)
